{"uuid":"cb68d402-a8e0-41f2-89e5-f620c88d88ff","historyId":"475ca52c405200c9cc3f0a638882bd6c","fullName":"Regression Tests: Rooms option dropdown should disappear when Flight and car option is selected","labels":[{"name":"tag","value":"demo"},{"name":"host","value":"LAPTOP-9RKU9AML"},{"name":"thread","value":"21408@LAPTOP-9RKU9AML.main(1)"},{"name":"feature","value":"Regression Tests"},{"name":"story","value":"Rooms option dropdown should disappear when Flight and car option is selected"},{"name":"suite","value":"Regression Tests"},{"name":"testClass","value":"Rooms option dropdown should disappear when Flight and car option is selected"},{"name":"framework","value":"cucumber4jvm"},{"name":"language","value":"java"},{"name":"gherkin_uri","value":"file:///C:/Users/alsai/IdeaProjects/united/src/test/resources/features/regression_test.feature"},{"name":"package","value":"src.test.resources.features.regression_test_feature.Regression Tests"}],"links":[],"name":"Rooms option dropdown should disappear when Flight and car option is selected","status":"failed","statusDetails":{"known":false,"muted":false,"flaky":false,"message":"expected [0] but found [1]","trace":"java.lang.AssertionError: expected [0] but found [1]\r\n\tat org.testng.Assert.fail(Assert.java:97)\r\n\tat org.testng.Assert.assertEqualsImpl(Assert.java:136)\r\n\tat org.testng.Assert.assertEquals(Assert.java:118)\r\n\tat org.testng.Assert.assertEquals(Assert.java:839)\r\n\tat org.testng.Assert.assertEquals(Assert.java:849)\r\n\tat com.united.steps.regression_test_steps.BookPackage_Step.verifyRoomsOptionIsRemoved(BookPackage_Step.java:66)\r\n\tat ✽.verify rooms option is removed(file:///C:/Users/alsai/IdeaProjects/united/src/test/resources/features/regression_test.feature:121)\r\n"},"stage":"finished","steps":[{"name":"Given  user clicks on packages tab","status":"passed","statusDetails":{"known":false,"muted":false,"flaky":false},"stage":"finished","steps":[],"attachments":[],"parameters":[],"start":1639153501958,"stop":1639153504325},{"name":"And  user clicks on Flight and car option","status":"passed","statusDetails":{"known":false,"muted":false,"flaky":false},"stage":"finished","steps":[],"attachments":[],"parameters":[],"start":1639153504333,"stop":1639153506743},{"name":"Then  verify rooms option is removed","status":"failed","statusDetails":{"known":false,"muted":false,"flaky":false,"message":"expected [0] but found [1]","trace":"java.lang.AssertionError: expected [0] but found [1]\r\n\tat org.testng.Assert.fail(Assert.java:97)\r\n\tat org.testng.Assert.assertEqualsImpl(Assert.java:136)\r\n\tat org.testng.Assert.assertEquals(Assert.java:118)\r\n\tat org.testng.Assert.assertEquals(Assert.java:839)\r\n\tat org.testng.Assert.assertEquals(Assert.java:849)\r\n\tat com.united.steps.regression_test_steps.BookPackage_Step.verifyRoomsOptionIsRemoved(BookPackage_Step.java:66)\r\n\tat ✽.verify rooms option is removed(file:///C:/Users/alsai/IdeaProjects/united/src/test/resources/features/regression_test.feature:121)\r\n"},"stage":"finished","steps":[],"attachments":[],"parameters":[],"start":1639153506743,"stop":1639153506810}],"attachments":[],"parameters":[],"start":1639153490447,"stop":1639153507390}